---- 测试程序：single ----
[data_1M.bin] 0.02 秒
[data_10M.bin] 0.27 秒
[data_100M.bin] 3.18 秒
[data_1024M.bin] 69.68 秒
[data_2048M.bin] 94.14 秒
[data_3072M.bin] 126.59 秒
[data_4096M.bin] 
---- 测试程序：thread ----
[data_1M.bin] 0.01 秒
[data_10M.bin] 0.01 秒
[data_100M.bin] 0.01 秒
[data_1024M.bin] 0.01 秒
[data_2048M.bin] 0.01 秒
[data_3072M.bin] 0.01 秒
[data_4096M.bin] 0.01 秒

---- 测试程序：proc ----
[data_1M.bin] 0.01 秒
[data_10M.bin] 0.01 秒
[data_100M.bin] 0.01 秒
[data_1024M.bin] 0.01 秒
[data_2048M.bin] 0.01 秒
[data_3072M.bin] 0.01 秒
[data_4096M.bin] 0.01 秒

